0 info it worked if it ends with ok
1 verbose cli [ '/home/ubuntu/.nvm/versions/node/v4.3.2/bin/node',
1 verbose cli   '/home/ubuntu/.nvm/versions/node/v4.3.2/bin/npm',
1 verbose cli   'install',
1 verbose cli   '-g',
1 verbose cli   'heroku-cli' ]
2 info using npm@2.14.12
3 info using node@v4.3.2
4 verbose install initial load of /home/ubuntu/.nvm/versions/node/v4.3.2/lib/package.json
5 verbose readDependencies loading dependencies from /home/ubuntu/.nvm/versions/node/v4.3.2/lib/package.json
6 silly cache add args [ 'heroku-cli', null ]
7 verbose cache add spec heroku-cli
8 silly cache add parsed spec Result {
8 silly cache add   raw: 'heroku-cli',
8 silly cache add   scope: null,
8 silly cache add   name: 'heroku-cli',
8 silly cache add   rawSpec: '',
8 silly cache add   spec: 'latest',
8 silly cache add   type: 'tag' }
9 silly addNamed heroku-cli@latest
10 verbose addNamed "latest" is being treated as a dist-tag for heroku-cli
11 info addNameTag [ 'heroku-cli', 'latest' ]
12 silly mapToRegistry name heroku-cli
13 silly mapToRegistry using default registry
14 silly mapToRegistry registry https://registry.npmjs.org/
15 silly mapToRegistry uri https://registry.npmjs.org/heroku-cli
16 verbose addNameTag registry:https://registry.npmjs.org/heroku-cli not in flight; fetching
17 verbose request uri https://registry.npmjs.org/heroku-cli
18 verbose request no auth needed
19 info attempt registry request try #1 at 8:28:17 PM
20 verbose request id a78f63f1c2191359
21 http request GET https://registry.npmjs.org/heroku-cli
22 http 200 https://registry.npmjs.org/heroku-cli
23 verbose headers { server: 'nginx/1.10.1',
23 verbose headers   'content-type': 'application/json',
23 verbose headers   'last-modified': 'Wed, 21 Jun 2017 14:11:59 GMT',
23 verbose headers   etag: 'W/"594a7eaf-2ba34"',
23 verbose headers   'content-encoding': 'gzip',
23 verbose headers   'cache-control': 'max-age=300',
23 verbose headers   'content-length': '14998',
23 verbose headers   'accept-ranges': 'bytes',
23 verbose headers   date: 'Sun, 25 Jun 2017 20:28:17 GMT',
23 verbose headers   via: '1.1 varnish',
23 verbose headers   age: '0',
23 verbose headers   connection: 'keep-alive',
23 verbose headers   'x-served-by': 'cache-ord1721-ORD',
23 verbose headers   'x-cache': 'MISS',
23 verbose headers   'x-cache-hits': '0',
23 verbose headers   'x-timer': 'S1498422498.625218,VS0,VE137',
23 verbose headers   vary: 'Accept-Encoding' }
24 silly get cb [ 200,
24 silly get   { server: 'nginx/1.10.1',
24 silly get     'content-type': 'application/json',
24 silly get     'last-modified': 'Wed, 21 Jun 2017 14:11:59 GMT',
24 silly get     etag: 'W/"594a7eaf-2ba34"',
24 silly get     'content-encoding': 'gzip',
24 silly get     'cache-control': 'max-age=300',
24 silly get     'content-length': '14998',
24 silly get     'accept-ranges': 'bytes',
24 silly get     date: 'Sun, 25 Jun 2017 20:28:17 GMT',
24 silly get     via: '1.1 varnish',
24 silly get     age: '0',
24 silly get     connection: 'keep-alive',
24 silly get     'x-served-by': 'cache-ord1721-ORD',
24 silly get     'x-cache': 'MISS',
24 silly get     'x-cache-hits': '0',
24 silly get     'x-timer': 'S1498422498.625218,VS0,VE137',
24 silly get     vary: 'Accept-Encoding' } ]
25 verbose get saving heroku-cli to /home/ubuntu/.npm/registry.npmjs.org/heroku-cli/.cache.json
26 verbose makeDirectory /home/ubuntu/.npm creation not in flight; initializing
27 silly makeDirectory /home/ubuntu/.npm uid: 1000 gid: 1000
28 silly addNameTag next cb for heroku-cli with tag latest
29 verbose stack Error: No compatible version found: heroku-cli@'latest'
29 verbose stack Valid install targets:
29 verbose stack ["6.0.0","6.0.1","6.0.2","6.0.7","6.1.4","6.1.5","6.1.6","6.1.7","6.2.0","6.2.1","6.3.0","6.3.1","6.4.0","6.4.1","6.5.0","6.5.1","6.5.2","6.5.3","6.5.4","6.5.5","6.6.0","6.6.2","6.6.5","6.6.7","6.6.8","6.6.9","6.6.10","6.6.11","6.6.12","6.6.13","6.6.14","6.6.15","6.6.16","6.6.17","6.6.18","6.6.19","6.7.0","6.7.1","6.7.2","6.7.3","6.7.4","6.8.0","6.8.1","6.8.2","6.8.3","6.8.4","6.8.5","6.9.0","6.9.1","6.9.2","6.9.3","6.9.4","6.9.5","6.9.6","6.9.7","6.10.0","6.10.1","6.10.2"]
29 verbose stack
29 verbose stack     at installTargetsError (/home/ubuntu/.nvm/versions/node/v4.3.2/lib/node_modules/npm/lib/cache/add-named.js:284:12)
29 verbose stack     at next (/home/ubuntu/.nvm/versions/node/v4.3.2/lib/node_modules/npm/lib/cache/add-named.js:94:10)
29 verbose stack     at RES (/home/ubuntu/.nvm/versions/node/v4.3.2/lib/node_modules/npm/node_modules/inflight/inflight.js:23:14)
29 verbose stack     at f (/home/ubuntu/.nvm/versions/node/v4.3.2/lib/node_modules/npm/node_modules/once/once.js:17:25)
29 verbose stack     at fixName (/home/ubuntu/.nvm/versions/node/v4.3.2/lib/node_modules/npm/lib/cache/add-named.js:29:5)
29 verbose stack     at saved (/home/ubuntu/.nvm/versions/node/v4.3.2/lib/node_modules/npm/lib/cache/caching-client.js:173:7)
29 verbose stack     at /home/ubuntu/.nvm/versions/node/v4.3.2/lib/node_modules/npm/node_modules/graceful-fs/polyfills.js:210:7
29 verbose stack     at FSReqWrap.oncomplete (fs.js:82:15)
30 verbose cwd /home/ubuntu/workspace/personal_website
31 error Linux 4.9.17-c9
32 error argv "/home/ubuntu/.nvm/versions/node/v4.3.2/bin/node" "/home/ubuntu/.nvm/versions/node/v4.3.2/bin/npm" "install" "-g" "heroku-cli"
33 error node v4.3.2
34 error npm  v2.14.12
35 error code ETARGET
36 error notarget No compatible version found: heroku-cli@'latest'
36 error notarget Valid install targets:
36 error notarget ["6.0.0","6.0.1","6.0.2","6.0.7","6.1.4","6.1.5","6.1.6","6.1.7","6.2.0","6.2.1","6.3.0","6.3.1","6.4.0","6.4.1","6.5.0","6.5.1","6.5.2","6.5.3","6.5.4","6.5.5","6.6.0","6.6.2","6.6.5","6.6.7","6.6.8","6.6.9","6.6.10","6.6.11","6.6.12","6.6.13","6.6.14","6.6.15","6.6.16","6.6.17","6.6.18","6.6.19","6.7.0","6.7.1","6.7.2","6.7.3","6.7.4","6.8.0","6.8.1","6.8.2","6.8.3","6.8.4","6.8.5","6.9.0","6.9.1","6.9.2","6.9.3","6.9.4","6.9.5","6.9.6","6.9.7","6.10.0","6.10.1","6.10.2"]
36 error notarget
36 error notarget This is most likely not a problem with npm itself.
36 error notarget In most cases you or one of your dependencies are requesting
36 error notarget a package version that doesn't exist.
37 verbose exit [ 1, true ]
